*************************** checkbib.log ****************************
Result of checking /home/zaikunzhang/Work/finished/svd/svd.bib in BibTeX mode
===> Non-ASCII characters:

--------------------------------------------------
===> Capital letters that need to be protected by curly braces:

--------------------------------------------------
===> Message from python3 /home/zaikunzhang/local/textools/python/bibtex_check.py -o bibtex_check.html -b:

--------------------------------------------------
===> Message from biber:
ERROR - BibTeX subsystem: /tmp/biber_tmp_XQQj/5f460d2608d83e4236e9addff19a4011_606488.utf8, line 33, syntax error: found "address", expected end of entry ("}" or ")") (

******** Difference between the new bib and the original one ********
7d6
< @string{set="Software Environ. Tools"}
10,18d8
< 
< @book{Bai_etal_2000,
<   title={Templates for the Solution of Algebraic Eigenvalue Problems: A Practical Guide},
<   author={Bai, Z. and Demmel, J. and Dongarra, J. and Ruhe, A. and {van der Vorst}, H.},
<   year={2000},
<   series = set,
<   publisher={SIAM}
<   address ={Philadelphia}
< }

A copy of the original bib file is saved at
./backup//%home%zaikunzhang%Work%finished%svd%svd.bib-2022.07.29-14.52.08