INFO:  latexindent version 3.9, 2021-03-14, a script to indent .tex files
       latexindent lives here: /home/zaikunzhang/local/texlive/2020/texmf-dist/scripts/latexindent/
       Sun Mar 21 22:13:33 2021
       Filename: svd.tex
INFO:  Processing switches:
INFO:  Directory for backup files and indent.log: .
INFO:  YAML settings read: defaultSettings.yaml
        Reading defaultSettings.yaml from /home/zaikunzhang/local/texlive/2020/texmf-dist/scripts/latexindent/defaultSettings.yaml
INFO:  YAML settings read: indentconfig.yaml or .indentconfig.yaml
       Home directory is /home/zaikunzhang (didn't find either indentconfig.yaml or .indentconfig.yaml)
       To specify user settings you would put indentconfig.yaml here: /home/zaikunzhang/indentconfig.yaml
       Alternatively, you can use the hidden file .indentconfig.yaml as: /home/zaikunzhang/.indentconfig.yaml
INFO:  Phase 1: searching for objects
INFO:  Phase 2: finding surrounding indentation
INFO:  Phase 3: indenting objects
INFO:  Phase 4: final indentation check
INFO:  Output routine:
       Not outputting to file; see -w and -o switches for more options.
       --------------
INFO:  Please direct all communication/issues to:
        https://github.com/cmhughes/latexindent.pl
