This is pdfTeX, Version 3.141592653-2.6-1.40.28 (TeX Live 2025) (preloaded format=pdflatex 2026.2.20)  10 MAR 2026 11:03
entering extended mode
 restricted \write18 enabled.
 %&-line parsing enabled.
**svd.tex
(./svd.tex
LaTeX2e <2025-11-01>
L3 programming layer <2026-01-19>
(/home/zaikunzhang/local/texlive/2025/texmf-dist/tex/latex/base/article.cls
Document Class: article 2025/01/22 v1.4n Standard LaTeX document class
(/home/zaikunzhang/local/texlive/2025/texmf-dist/tex/latex/base/size11.clo
File: size11.clo 2025/01/22 v1.4n Standard LaTeX file (size option)
)
\c@part=\count275
\c@section=\count276
\c@subsection=\count277
\c@subsubsection=\count278
\c@paragraph=\count279
\c@subparagraph=\count280
\c@figure=\count281
\c@table=\count282
\abovecaptionskip=\skip49
\belowcaptionskip=\skip50
\bibindent=\dimen148
)
(/home/zaikunzhang/local/texlive/2025/texmf-dist/tex/latex/oberdiek/ifdraft.sty
Package: ifdraft 2016/05/16 v1.4 Detect class options draft and final (HO)
)
(/home/zaikunzhang/local/texlive/2025/texmf-dist/tex/latex/geometry/geometry.st
y
Package: geometry 2020/01/02 v5.9 Page Geometry

(/home/zaikunzhang/local/texlive/2025/texmf-dist/tex/latex/graphics/keyval.sty
Package: keyval 2022/05/29 v1.15 key=value parser (DPC)
\KV@toks@=\toks17
) (/home/zaikunzhang/local/texlive/2025/texmf-dist/tex/generic/iftex/ifvtex.sty
Package: ifvtex 2019/10/25 v1.7 ifvtex legacy package. Use iftex instead.

(/home/zaikunzhang/local/texlive/2025/texmf-dist/tex/generic/iftex/iftex.sty
Package: iftex 2024/12/12 v1.0g TeX engine tests
))
\Gm@cnth=\count283
\Gm@cntv=\count284
\c@Gm@tempcnt=\count285
\Gm@bindingoffset=\dimen149
\Gm@wd@mp=\dimen150
\Gm@odd@mp=\dimen151
\Gm@even@mp=\dimen152
\Gm@layoutwidth=\dimen153
\Gm@layoutheight=\dimen154
\Gm@layouthoffset=\dimen155
\Gm@layoutvoffset=\dimen156
\Gm@dimlist=\toks18
) (/home/zaikunzhang/local/texlive/2025/texmf-dist/tex/latex/amsmath/amsmath.st
y
Package: amsmath 2025/07/09 v2.17z AMS math features
\@mathmargin=\skip51
For additional information on amsmath, use the `?' option.
(/home/zaikunzhang/local/texlive/2025/texmf-dist/tex/latex/amsmath/amstext.sty
Package: amstext 2024/11/17 v2.01 AMS text

(/home/zaikunzhang/local/texlive/2025/texmf-dist/tex/latex/amsmath/amsgen.sty
File: amsgen.sty 1999/11/30 v2.0 generic functions
\@emptytoks=\toks19
\ex@=\dimen157
)) (/home/zaikunzhang/local/texlive/2025/texmf-dist/tex/latex/amsmath/amsbsy.st
y
Package: amsbsy 1999/11/29 v1.2d Bold Symbols
\pmbraise@=\dimen158
) (/home/zaikunzhang/local/texlive/2025/texmf-dist/tex/latex/amsmath/amsopn.sty
Package: amsopn 2022/04/08 v2.04 operator names
)
\inf@bad=\count286
LaTeX Info: Redefining \frac on input line 233.
\uproot@=\count287
\leftroot@=\count288
LaTeX Info: Redefining \overline on input line 398.
LaTeX Info: Redefining \colon on input line 409.
\classnum@=\count289
\DOTSCASE@=\count290
LaTeX Info: Redefining \ldots on input line 495.
LaTeX Info: Redefining \dots on input line 498.
LaTeX Info: Redefining \cdots on input line 619.
\Mathstrutbox@=\box53
\strutbox@=\box54
LaTeX Info: Redefining \big on input line 721.
LaTeX Info: Redefining \Big on input line 722.
LaTeX Info: Redefining \bigg on input line 723.
LaTeX Info: Redefining \Bigg on input line 724.
\big@size=\dimen159
LaTeX Font Info:    Redeclaring font encoding OML on input line 742.
LaTeX Font Info:    Redeclaring font encoding OMS on input line 743.
\macc@depth=\count291
LaTeX Info: Redefining \bmod on input line 904.
LaTeX Info: Redefining \pmod on input line 909.
LaTeX Info: Redefining \smash on input line 939.
LaTeX Info: Redefining \relbar on input line 969.
LaTeX Info: Redefining \Relbar on input line 970.
\c@MaxMatrixCols=\count292
\dotsspace@=\muskip17
\c@parentequation=\count293
\dspbrk@lvl=\count294
\tag@help=\toks20
\row@=\count295
\column@=\count296
\maxfields@=\count297
\andhelp@=\toks21
\eqnshift@=\dimen160
\alignsep@=\dimen161
\tagshift@=\dimen162
\tagwidth@=\dimen163
\totwidth@=\dimen164
\lineht@=\dimen165
\@envbody=\toks22
\multlinegap=\skip52
\multlinetaggap=\skip53
\mathdisplay@stack=\toks23
LaTeX Info: Redefining \[ on input line 2950.
LaTeX Info: Redefining \] on input line 2951.
) (/home/zaikunzhang/local/texlive/2025/texmf-dist/tex/latex/amscls/amsthm.sty
Package: amsthm 2020/05/29 v2.20.6
\thm@style=\toks24
\thm@bodyfont=\toks25
\thm@headfont=\toks26
\thm@notefont=\toks27
\thm@headpunct=\toks28
\thm@preskip=\skip54
\thm@postskip=\skip55
\thm@headsep=\skip56
\dth@everypar=\toks29
)
(/home/zaikunzhang/local/texlive/2025/texmf-dist/tex/latex/amsfonts/amssymb.sty
Package: amssymb 2013/01/14 v3.01 AMS font symbols

(/home/zaikunzhang/local/texlive/2025/texmf-dist/tex/latex/amsfonts/amsfonts.st
y
Package: amsfonts 2013/01/14 v3.01 Basic AMSFonts support
\symAMSa=\mathgroup4
\symAMSb=\mathgroup5
LaTeX Font Info:    Redeclaring math symbol \hbar on input line 98.
LaTeX Font Info:    Overwriting math alphabet `\mathfrak' in version `bold'
(Font)                  U/euf/m/n --> U/euf/b/n on input line 106.
))
(/home/zaikunzhang/local/texlive/2025/texmf-dist/tex/latex/mathtools/empheq.sty
Package: empheq 2024/08/09 v2.17 Emphasizing equations

(/home/zaikunzhang/local/texlive/2025/texmf-dist/tex/latex/mathtools/mhsetup.st
y
Package: mhsetup 2021/03/18 v1.4 programming setup (MH)
)
(/home/zaikunzhang/local/texlive/2025/texmf-dist/tex/latex/mathtools/mathtools.
sty
Package: mathtools 2024/10/04 v1.31 mathematical typesetting tools
 (/home/zaikunzhang/local/texlive/2025/texmf-dist/tex/latex/tools/calc.sty
Package: calc 2025/03/01 v4.3b Infix arithmetic (KKT,FJ)
\calc@Acount=\count298
\calc@Bcount=\count299
\calc@Adimen=\dimen166
\calc@Bdimen=\dimen167
\calc@Askip=\skip57
\calc@Bskip=\skip58
LaTeX Info: Redefining \setlength on input line 86.
LaTeX Info: Redefining \addtolength on input line 87.
\calc@Ccount=\count300
\calc@Cskip=\skip59
)
\g_MT_multlinerow_int=\count301
\l_MT_multwidth_dim=\dimen168
\origjot=\skip60
\l_MT_shortvdotswithinadjustabove_dim=\dimen169
\l_MT_shortvdotswithinadjustbelow_dim=\dimen170
\l_MT_above_intertext_sep=\dimen171
\l_MT_below_intertext_sep=\dimen172
\l_MT_above_shortintertext_sep=\dimen173
\l_MT_below_shortintertext_sep=\dimen174
\xmathstrut@box=\box55
\xmathstrut@dim=\dimen175
)
\l_EQ_equationtype_int=\count302
\l_EQ_alignmentmode_int=\count303
\l_EQ_totalwidth_dim=\dimen176
\l_EQ_displaywidth_dim=\dimen177
\l_EQ_temp_linewidth_dim=\dimen178
\l_EQ_linewidth_dim=\dimen179
\EmphEqdelimitershortfall=\dimen180
\EmphEqdelimiterfactor=\count304
\g_EQ_toptag_height_dim=\dimen181
\g_EQ_bottomtag_depth_dim=\dimen182
\g_EQ_toprow_height_dim=\dimen183
\g_EQ_bottomrow_depth_dim=\dimen184
\g_EQ_widesttag_dim=\dimen185
\EQ_mathdisplay_box=\box56
\EQ_tag_box=\box57
\g_EQ_temprow_int=\count305
)
(/home/zaikunzhang/local/texlive/2025/texmf-dist/tex/latex/graphics/lscape.sty
Package: lscape 2020/05/28 v3.02 Landscape Pages (DPC)

(/home/zaikunzhang/local/texlive/2025/texmf-dist/tex/latex/graphics/graphics.st
y
Package: graphics 2024/08/06 v1.4g Standard LaTeX Graphics (DPC,SPQR)
 (/home/zaikunzhang/local/texlive/2025/texmf-dist/tex/latex/graphics/trig.sty
Package: trig 2023/12/02 v1.11 sin cos tan (DPC)
)
(/home/zaikunzhang/local/texlive/2025/texmf-dist/tex/latex/graphics-cfg/graphic
s.cfg
File: graphics.cfg 2016/06/04 v1.11 sample graphics configuration
)
Package graphics Info: Driver file: pdftex.def on input line 106.

(/home/zaikunzhang/local/texlive/2025/texmf-dist/tex/latex/graphics-def/pdftex.
def
File: pdftex.def 2025/09/29 v1.2d Graphics/color driver for pdftex
)))
(/home/zaikunzhang/local/texlive/2025/texmf-dist/tex/latex/tools/longtable.sty
Package: longtable 2025-10-13 v4.24 Multi-page Table package (DPC)
\LTleft=\skip61
\LTright=\skip62
\LTpre=\skip63
\LTpost=\skip64
\LTchunksize=\count306
\LTcapwidth=\dimen186
\LT@head=\box58
\LT@firsthead=\box59
\LT@foot=\box60
\LT@lastfoot=\box61
\LT@gbox=\box62
\LT@cols=\count307
\LT@rows=\count308
\c@LT@tables=\count309
\c@LT@chunks=\count310
\LT@p@ftn=\toks30
) (/home/zaikunzhang/local/texlive/2025/texmf-dist/tex/latex/graphics/color.sty
Package: color 2025/01/14 v1.3e Standard LaTeX Color (DPC)

(/home/zaikunzhang/local/texlive/2025/texmf-dist/tex/latex/graphics-cfg/color.c
fg
File: color.cfg 2016/01/02 v1.6 sample color configuration
)
Package color Info: Driver file: pdftex.def on input line 149.

(/home/zaikunzhang/local/texlive/2025/texmf-dist/tex/latex/graphics/mathcolor.l
tx))
(/home/zaikunzhang/local/texlive/2025/texmf-dist/tex/latex/jknapltx/mathbbol.st
y
Package: mathbbol 1995/01/01
\symbbold=\mathgroup6
)
(/home/zaikunzhang/local/texlive/2025/texmf-dist/tex/latex/bbm-macros/bbm.sty
Package: bbm 1999/03/15 V 1.2 provides fonts for set symbols - TH
LaTeX Font Info:    Redeclaring math alphabet \mathbbm on input line 32.
LaTeX Font Info:    Overwriting math alphabet `\mathbbm' in version `bold'
(Font)                  U/bbm/m/n --> U/bbm/bx/n on input line 33.
LaTeX Font Info:    Overwriting math alphabet `\mathbbmss' in version `bold'
(Font)                  U/bbmss/m/n --> U/bbmss/bx/n on input line 35.
)
(/home/zaikunzhang/local/texlive/2025/texmf-dist/tex/latex/graphics/rotating.st
y
Package: rotating 2025/01/14 v2.16e rotated objects in LaTeX

(/home/zaikunzhang/local/texlive/2025/texmf-dist/tex/latex/graphics/graphicx.st
y
Package: graphicx 2024/12/31 v1.2e Enhanced LaTeX Graphics (DPC,SPQR)
\Gin@req@height=\dimen187
\Gin@req@width=\dimen188
) (/home/zaikunzhang/local/texlive/2025/texmf-dist/tex/latex/base/ifthen.sty
Package: ifthen 2024/03/16 v1.1e Standard LaTeX ifthen package (DPC)
)
\c@r@tfl@t=\count311
\rotFPtop=\skip65
\rotFPbot=\skip66
\rot@float@box=\box63
\rot@mess@toks=\toks31
)
(/home/zaikunzhang/local/texlive/2025/texmf-dist/tex/latex/multirow/multirow.st
y
Package: multirow 2024/11/12 v2.9 Span multiple rows of a table
\multirow@colwidth=\skip67
\multirow@cntb=\count312
\multirow@dima=\skip68
\bigstrutjot=\dimen189
)
(/home/zaikunzhang/local/texlive/2025/texmf-dist/tex/latex/booktabs/booktabs.st
y
Package: booktabs 2020/01/12 v1.61803398 Publication quality tables
\heavyrulewidth=\dimen190
\lightrulewidth=\dimen191
\cmidrulewidth=\dimen192
\belowrulesep=\dimen193
\belowbottomsep=\dimen194
\aboverulesep=\dimen195
\abovetopsep=\dimen196
\cmidrulesep=\dimen197
\cmidrulekern=\dimen198
\defaultaddspace=\dimen199
\@cmidla=\count313
\@cmidlb=\count314
\@aboverulesep=\dimen256
\@belowrulesep=\dimen257
\@thisruleclass=\count315
\@lastruleclass=\count316
\@thisrulewidth=\dimen258
) (/home/zaikunzhang/local/texlive/2025/texmf-dist/tex/latex/was/upgreek.sty
Package: upgreek 2003/02/12 v2.0 (WaS)
Package upgreek Info: Using Euler Roman for upright Greek on input line 31.
\symugrf@m=\mathgroup7
LaTeX Font Info:    Overwriting symbol font `ugrf@m' in version `bold'
(Font)                  U/eur/m/n --> U/eur/b/n on input line 38.
)
(/home/zaikunzhang/local/texlive/2025/texmf-dist/tex/latex/accents/accents.sty
Package: accents 2006/05/12 v1.4 Math Accent Tools
\cc@skew=\dimen259
\cc@wd=\dimen260
\cc@code=\count317
\cc@group=\count318
\cc@skewchar=\count319
) (/home/zaikunzhang/local/texlive/2025/texmf-dist/tex/latex/tools/xspace.sty
Package: xspace 2014/10/28 v1.13 Space after command names (DPC,MH)
)
(/home/zaikunzhang/local/texlive/2025/texmf-dist/tex/latex/datetime2/datetime2.
sty
Package: datetime2 2021/03/21 v1.5.7 (NLCT) date and time formats

(/home/zaikunzhang/local/texlive/2025/texmf-dist/tex/latex/tracklang/tracklang.
sty
Package: tracklang 2025/03/11 v1.6.6 (NLCT) Track Languages

(/home/zaikunzhang/local/texlive/2025/texmf-dist/tex/generic/tracklang/tracklan
g.tex))
(/home/zaikunzhang/local/texlive/2025/texmf-dist/tex/latex/etoolbox/etoolbox.st
y
Package: etoolbox 2025/10/02 v2.5m e-TeX tools for LaTeX (JAW)
\etb@tempcnta=\count320
)
(/home/zaikunzhang/local/texlive/2025/texmf-dist/tex/latex/xkeyval/xkeyval.sty
Package: xkeyval 2025/11/04 v2.10 package option processing (HA)

(/home/zaikunzhang/local/texlive/2025/texmf-dist/tex/generic/xkeyval/xkeyval.te
x
(/home/zaikunzhang/local/texlive/2025/texmf-dist/tex/generic/xkeyval/xkvutils.t
ex
\XKV@toks=\toks32
\XKV@tempa@toks=\toks33
\XKV@tempb@toks=\toks34
)
\XKV@depth=\count321
File: xkeyval.tex 2014/12/03 v2.7a key=value parser (HA)
))
Package tracklang Info: Tracking dialect `american' (language `english') on inp
ut line 217.

(/home/zaikunzhang/local/texlive/2025/texmf-dist/tex/latex/datetime2-english/da
tetime2-en-US.ldf
File: datetime2-en-US.ldf 2019/10/21 v1.05 (NLCT)

(/home/zaikunzhang/local/texlive/2025/texmf-dist/tex/latex/datetime2-english/da
tetime2-english-base.ldf
File: datetime2-english-base.ldf 2019/10/21 v1.05 (NLCT)
)))
(/home/zaikunzhang/local/texlive/2025/texmf-dist/tex/latex/pgf/frontendlayer/ti
kz.sty
(/home/zaikunzhang/local/texlive/2025/texmf-dist/tex/latex/pgf/basiclayer/pgf.s
ty
(/home/zaikunzhang/local/texlive/2025/texmf-dist/tex/latex/pgf/utilities/pgfrcs
.sty
(/home/zaikunzhang/local/texlive/2025/texmf-dist/tex/generic/pgf/utilities/pgfu
til-common.tex
\pgfutil@everybye=\toks35
\pgfutil@tempdima=\dimen261
\pgfutil@tempdimb=\dimen262
)
(/home/zaikunzhang/local/texlive/2025/texmf-dist/tex/generic/pgf/utilities/pgfu
til-latex.def
\pgfutil@abb=\box64
)
(/home/zaikunzhang/local/texlive/2025/texmf-dist/tex/generic/pgf/utilities/pgfr
cs.code.tex
(/home/zaikunzhang/local/texlive/2025/texmf-dist/tex/generic/pgf/pgf.revision.t
ex)
Package: pgfrcs 2025-08-29 v3.1.11a (3.1.11a)
))
Package: pgf 2025-08-29 v3.1.11a (3.1.11a)

(/home/zaikunzhang/local/texlive/2025/texmf-dist/tex/latex/pgf/basiclayer/pgfco
re.sty
(/home/zaikunzhang/local/texlive/2025/texmf-dist/tex/latex/pgf/systemlayer/pgfs
ys.sty
(/home/zaikunzhang/local/texlive/2025/texmf-dist/tex/generic/pgf/systemlayer/pg
fsys.code.tex
Package: pgfsys 2025-08-29 v3.1.11a (3.1.11a)

(/home/zaikunzhang/local/texlive/2025/texmf-dist/tex/generic/pgf/utilities/pgfk
eys.code.tex
\pgfkeys@pathtoks=\toks36
\pgfkeys@temptoks=\toks37

(/home/zaikunzhang/local/texlive/2025/texmf-dist/tex/generic/pgf/utilities/pgfk
eyslibraryfiltered.code.tex
\pgfkeys@tmptoks=\toks38
))
\pgf@x=\dimen263
\pgf@y=\dimen264
\pgf@xa=\dimen265
\pgf@ya=\dimen266
\pgf@xb=\dimen267
\pgf@yb=\dimen268
\pgf@xc=\dimen269
\pgf@yc=\dimen270
\pgf@xd=\dimen271
\pgf@yd=\dimen272
\w@pgf@writea=\write3
\r@pgf@reada=\read2
\c@pgf@counta=\count322
\c@pgf@countb=\count323
\c@pgf@countc=\count324
\c@pgf@countd=\count325
\t@pgf@toka=\toks39
\t@pgf@tokb=\toks40
\t@pgf@tokc=\toks41
\pgf@sys@id@count=\count326

(/home/zaikunzhang/local/texlive/2025/texmf-dist/tex/generic/pgf/systemlayer/pg
f.cfg
File: pgf.cfg 2025-08-29 v3.1.11a (3.1.11a)
)
Driver file for pgf: pgfsys-pdftex.def

(/home/zaikunzhang/local/texlive/2025/texmf-dist/tex/generic/pgf/systemlayer/pg
fsys-pdftex.def
File: pgfsys-pdftex.def 2025-08-29 v3.1.11a (3.1.11a)

(/home/zaikunzhang/local/texlive/2025/texmf-dist/tex/generic/pgf/systemlayer/pg
fsys-common-pdf.def
File: pgfsys-common-pdf.def 2025-08-29 v3.1.11a (3.1.11a)
)))
(/home/zaikunzhang/local/texlive/2025/texmf-dist/tex/generic/pgf/systemlayer/pg
fsyssoftpath.code.tex
File: pgfsyssoftpath.code.tex 2025-08-29 v3.1.11a (3.1.11a)
\pgfsyssoftpath@smallbuffer@items=\count327
\pgfsyssoftpath@bigbuffer@items=\count328
)
(/home/zaikunzhang/local/texlive/2025/texmf-dist/tex/generic/pgf/systemlayer/pg
fsysprotocol.code.tex
File: pgfsysprotocol.code.tex 2025-08-29 v3.1.11a (3.1.11a)
))
(/home/zaikunzhang/local/texlive/2025/texmf-dist/tex/latex/xcolor/xcolor.sty
Package: xcolor 2024/09/29 v3.02 LaTeX color extensions (UK)

(/home/zaikunzhang/local/texlive/2025/texmf-dist/tex/latex/graphics-cfg/color.c
fg
File: color.cfg 2016/01/02 v1.6 sample color configuration
)
Package xcolor Info: Driver file: pdftex.def on input line 274.
LaTeX Info: Redefining \color on input line 762.

(/home/zaikunzhang/local/texlive/2025/texmf-dist/tex/latex/graphics/mathcolor.l
tx)
Package xcolor Info: Model `cmy' substituted by `cmy0' on input line 1349.
Package xcolor Info: Model `hsb' substituted by `rgb' on input line 1353.
Package xcolor Info: Model `RGB' extended on input line 1365.
Package xcolor Info: Model `HTML' substituted by `rgb' on input line 1367.
Package xcolor Info: Model `Hsb' substituted by `hsb' on input line 1368.
Package xcolor Info: Model `tHsb' substituted by `hsb' on input line 1369.
Package xcolor Info: Model `HSB' substituted by `hsb' on input line 1370.
Package xcolor Info: Model `Gray' substituted by `gray' on input line 1371.
Package xcolor Info: Model `wave' substituted by `hsb' on input line 1372.
)
(/home/zaikunzhang/local/texlive/2025/texmf-dist/tex/generic/pgf/basiclayer/pgf
core.code.tex
Package: pgfcore 2025-08-29 v3.1.11a (3.1.11a)

(/home/zaikunzhang/local/texlive/2025/texmf-dist/tex/generic/pgf/math/pgfmath.c
ode.tex
(/home/zaikunzhang/local/texlive/2025/texmf-dist/tex/generic/pgf/math/pgfmathut
il.code.tex)
(/home/zaikunzhang/local/texlive/2025/texmf-dist/tex/generic/pgf/math/pgfmathpa
rser.code.tex
\pgfmath@dimen=\dimen273
\pgfmath@count=\count329
\pgfmath@box=\box65
\pgfmath@toks=\toks42
\pgfmath@stack@operand=\toks43
\pgfmath@stack@operation=\toks44
)
(/home/zaikunzhang/local/texlive/2025/texmf-dist/tex/generic/pgf/math/pgfmathfu
nctions.code.tex)
(/home/zaikunzhang/local/texlive/2025/texmf-dist/tex/generic/pgf/math/pgfmathfu
nctions.basic.code.tex)
(/home/zaikunzhang/local/texlive/2025/texmf-dist/tex/generic/pgf/math/pgfmathfu
nctions.trigonometric.code.tex)
(/home/zaikunzhang/local/texlive/2025/texmf-dist/tex/generic/pgf/math/pgfmathfu
nctions.random.code.tex)
(/home/zaikunzhang/local/texlive/2025/texmf-dist/tex/generic/pgf/math/pgfmathfu
nctions.comparison.code.tex)
(/home/zaikunzhang/local/texlive/2025/texmf-dist/tex/generic/pgf/math/pgfmathfu
nctions.base.code.tex)
(/home/zaikunzhang/local/texlive/2025/texmf-dist/tex/generic/pgf/math/pgfmathfu
nctions.round.code.tex)
(/home/zaikunzhang/local/texlive/2025/texmf-dist/tex/generic/pgf/math/pgfmathfu
nctions.misc.code.tex)
(/home/zaikunzhang/local/texlive/2025/texmf-dist/tex/generic/pgf/math/pgfmathfu
nctions.integerarithmetics.code.tex)
(/home/zaikunzhang/local/texlive/2025/texmf-dist/tex/generic/pgf/math/pgfmathca
lc.code.tex)
(/home/zaikunzhang/local/texlive/2025/texmf-dist/tex/generic/pgf/math/pgfmathfl
oat.code.tex
\c@pgfmathroundto@lastzeros=\count330
))
(/home/zaikunzhang/local/texlive/2025/texmf-dist/tex/generic/pgf/math/pgfint.co
de.tex)
(/home/zaikunzhang/local/texlive/2025/texmf-dist/tex/generic/pgf/basiclayer/pgf
corepoints.code.tex
File: pgfcorepoints.code.tex 2025-08-29 v3.1.11a (3.1.11a)
\pgf@picminx=\dimen274
\pgf@picmaxx=\dimen275
\pgf@picminy=\dimen276
\pgf@picmaxy=\dimen277
\pgf@pathminx=\dimen278
\pgf@pathmaxx=\dimen279
\pgf@pathminy=\dimen280
\pgf@pathmaxy=\dimen281
\pgf@xx=\dimen282
\pgf@xy=\dimen283
\pgf@yx=\dimen284
\pgf@yy=\dimen285
\pgf@zx=\dimen286
\pgf@zy=\dimen287
)
(/home/zaikunzhang/local/texlive/2025/texmf-dist/tex/generic/pgf/basiclayer/pgf
corepathconstruct.code.tex
File: pgfcorepathconstruct.code.tex 2025-08-29 v3.1.11a (3.1.11a)
\pgf@path@lastx=\dimen288
\pgf@path@lasty=\dimen289
)
(/home/zaikunzhang/local/texlive/2025/texmf-dist/tex/generic/pgf/basiclayer/pgf
corepathusage.code.tex
File: pgfcorepathusage.code.tex 2025-08-29 v3.1.11a (3.1.11a)
\pgf@shorten@end@additional=\dimen290
\pgf@shorten@start@additional=\dimen291
)
(/home/zaikunzhang/local/texlive/2025/texmf-dist/tex/generic/pgf/basiclayer/pgf
corescopes.code.tex
File: pgfcorescopes.code.tex 2025-08-29 v3.1.11a (3.1.11a)
\pgfpic=\box66
\pgf@hbox=\box67
\pgf@layerbox@main=\box68
\pgf@picture@serial@count=\count331
)
(/home/zaikunzhang/local/texlive/2025/texmf-dist/tex/generic/pgf/basiclayer/pgf
coregraphicstate.code.tex
File: pgfcoregraphicstate.code.tex 2025-08-29 v3.1.11a (3.1.11a)
\pgflinewidth=\dimen292
)
(/home/zaikunzhang/local/texlive/2025/texmf-dist/tex/generic/pgf/basiclayer/pgf
coretransformations.code.tex
File: pgfcoretransformations.code.tex 2025-08-29 v3.1.11a (3.1.11a)
\pgf@pt@x=\dimen293
\pgf@pt@y=\dimen294
\pgf@pt@temp=\dimen295
)
(/home/zaikunzhang/local/texlive/2025/texmf-dist/tex/generic/pgf/basiclayer/pgf
corequick.code.tex
File: pgfcorequick.code.tex 2025-08-29 v3.1.11a (3.1.11a)
)
(/home/zaikunzhang/local/texlive/2025/texmf-dist/tex/generic/pgf/basiclayer/pgf
coreobjects.code.tex
File: pgfcoreobjects.code.tex 2025-08-29 v3.1.11a (3.1.11a)
)
(/home/zaikunzhang/local/texlive/2025/texmf-dist/tex/generic/pgf/basiclayer/pgf
corepathprocessing.code.tex
File: pgfcorepathprocessing.code.tex 2025-08-29 v3.1.11a (3.1.11a)
)
(/home/zaikunzhang/local/texlive/2025/texmf-dist/tex/generic/pgf/basiclayer/pgf
corearrows.code.tex
File: pgfcorearrows.code.tex 2025-08-29 v3.1.11a (3.1.11a)
\pgfarrowsep=\dimen296
)
(/home/zaikunzhang/local/texlive/2025/texmf-dist/tex/generic/pgf/basiclayer/pgf
coreshade.code.tex
File: pgfcoreshade.code.tex 2025-08-29 v3.1.11a (3.1.11a)
\pgf@max=\dimen297
\pgf@sys@shading@range@num=\count332
\pgf@shadingcount=\count333
)
(/home/zaikunzhang/local/texlive/2025/texmf-dist/tex/generic/pgf/basiclayer/pgf
coreimage.code.tex
File: pgfcoreimage.code.tex 2025-08-29 v3.1.11a (3.1.11a)
)
(/home/zaikunzhang/local/texlive/2025/texmf-dist/tex/generic/pgf/basiclayer/pgf
coreexternal.code.tex
File: pgfcoreexternal.code.tex 2025-08-29 v3.1.11a (3.1.11a)
\pgfexternal@startupbox=\box69
)
(/home/zaikunzhang/local/texlive/2025/texmf-dist/tex/generic/pgf/basiclayer/pgf
corelayers.code.tex
File: pgfcorelayers.code.tex 2025-08-29 v3.1.11a (3.1.11a)
)
(/home/zaikunzhang/local/texlive/2025/texmf-dist/tex/generic/pgf/basiclayer/pgf
coretransparency.code.tex
File: pgfcoretransparency.code.tex 2025-08-29 v3.1.11a (3.1.11a)
)
(/home/zaikunzhang/local/texlive/2025/texmf-dist/tex/generic/pgf/basiclayer/pgf
corepatterns.code.tex
File: pgfcorepatterns.code.tex 2025-08-29 v3.1.11a (3.1.11a)
)
(/home/zaikunzhang/local/texlive/2025/texmf-dist/tex/generic/pgf/basiclayer/pgf
corerdf.code.tex
File: pgfcorerdf.code.tex 2025-08-29 v3.1.11a (3.1.11a)
)))
(/home/zaikunzhang/local/texlive/2025/texmf-dist/tex/generic/pgf/modules/pgfmod
uleshapes.code.tex
File: pgfmoduleshapes.code.tex 2025-08-29 v3.1.11a (3.1.11a)
\pgfnodeparttextbox=\box70
)
(/home/zaikunzhang/local/texlive/2025/texmf-dist/tex/generic/pgf/modules/pgfmod
uleplot.code.tex
File: pgfmoduleplot.code.tex 2025-08-29 v3.1.11a (3.1.11a)
)
(/home/zaikunzhang/local/texlive/2025/texmf-dist/tex/latex/pgf/compatibility/pg
fcomp-version-0-65.sty
Package: pgfcomp-version-0-65 2025-08-29 v3.1.11a (3.1.11a)
\pgf@nodesepstart=\dimen298
\pgf@nodesepend=\dimen299
)
(/home/zaikunzhang/local/texlive/2025/texmf-dist/tex/latex/pgf/compatibility/pg
fcomp-version-1-18.sty
Package: pgfcomp-version-1-18 2025-08-29 v3.1.11a (3.1.11a)
))
(/home/zaikunzhang/local/texlive/2025/texmf-dist/tex/latex/pgf/utilities/pgffor
.sty
(/home/zaikunzhang/local/texlive/2025/texmf-dist/tex/latex/pgf/utilities/pgfkey
s.sty
(/home/zaikunzhang/local/texlive/2025/texmf-dist/tex/generic/pgf/utilities/pgfk
eys.code.tex))
(/home/zaikunzhang/local/texlive/2025/texmf-dist/tex/latex/pgf/math/pgfmath.sty

(/home/zaikunzhang/local/texlive/2025/texmf-dist/tex/generic/pgf/math/pgfmath.c
ode.tex))
(/home/zaikunzhang/local/texlive/2025/texmf-dist/tex/generic/pgf/utilities/pgff
or.code.tex
Package: pgffor 2025-08-29 v3.1.11a (3.1.11a)
\pgffor@iter=\dimen300
\pgffor@skip=\dimen301
\pgffor@stack=\toks45
\pgffor@toks=\toks46
))
(/home/zaikunzhang/local/texlive/2025/texmf-dist/tex/generic/pgf/frontendlayer/
tikz/tikz.code.tex
Package: tikz 2025-08-29 v3.1.11a (3.1.11a)

(/home/zaikunzhang/local/texlive/2025/texmf-dist/tex/generic/pgf/libraries/pgfl
ibraryplothandlers.code.tex
File: pgflibraryplothandlers.code.tex 2025-08-29 v3.1.11a (3.1.11a)
\pgf@plot@mark@count=\count334
\pgfplotmarksize=\dimen302
)
\tikz@lastx=\dimen303
\tikz@lasty=\dimen304
\tikz@lastxsaved=\dimen305
\tikz@lastysaved=\dimen306
\tikz@lastmovetox=\dimen307
\tikz@lastmovetoy=\dimen308
\tikzleveldistance=\dimen309
\tikzsiblingdistance=\dimen310
\tikz@figbox=\box71
\tikz@figbox@bg=\box72
\tikz@tempbox=\box73
\tikz@tempbox@bg=\box74
\tikztreelevel=\count335
\tikznumberofchildren=\count336
\tikznumberofcurrentchild=\count337
\tikz@fig@count=\count338

(/home/zaikunzhang/local/texlive/2025/texmf-dist/tex/generic/pgf/modules/pgfmod
ulematrix.code.tex
File: pgfmodulematrix.code.tex 2025-08-29 v3.1.11a (3.1.11a)
\pgfmatrixcurrentrow=\count339
\pgfmatrixcurrentcolumn=\count340
\pgf@matrix@numberofcolumns=\count341
)
\tikz@expandcount=\count342

(/home/zaikunzhang/local/texlive/2025/texmf-dist/tex/generic/pgf/frontendlayer/
tikz/libraries/tikzlibrarytopaths.code.tex
File: tikzlibrarytopaths.code.tex 2025-08-29 v3.1.11a (3.1.11a)
)))
(/home/zaikunzhang/local/texlive/2025/texmf-dist/tex/latex/tikzscale/tikzscale.
sty
Package: tikzscale 2013/05/22 v0.2.6 tikzscale LaTeX package

(/home/zaikunzhang/local/texlive/2025/texmf-dist/tex/latex/l3packages/xparse/xp
arse.sty
(/home/zaikunzhang/local/texlive/2025/texmf-dist/tex/latex/l3kernel/expl3.sty
Package: expl3 2026-01-19 L3 programming layer (loader) 

(/home/zaikunzhang/local/texlive/2025/texmf-dist/tex/latex/l3backend/l3backend-
pdftex.def
File: l3backend-pdftex.def 2025-10-09 L3 backend support: PDF output (pdfTeX)
\l__color_backend_stack_int=\count343
))
Package: xparse 2025-10-09 L3 Experimental document command parser
)
(/home/zaikunzhang/local/texlive/2025/texmf-dist/tex/latex/letltxmacro/letltxma
cro.sty
Package: letltxmacro 2019/12/03 v1.6 Let assignment for LaTeX macros (HO)
)
(/home/zaikunzhang/local/texlive/2025/texmf-dist/tex/generic/xstring/xstring.st
y
(/home/zaikunzhang/local/texlive/2025/texmf-dist/tex/generic/xstring/xstring.te
x
\xs_counta=\count344
\xs_countb=\count345
)
Package: xstring 2023/08/22 v1.86 String manipulations (CT)
)
\tikzscale@measuredSize=\box75
)
(/home/zaikunzhang/local/texlive/2025/texmf-dist/tex/latex/pgf/compatibility/pg
farrows.sty
Package: pgfarrows 2025-08-29 v3.1.11a (3.1.11a)


Package pgfarrows Warning: This package is obsolete. pgf.sty will load arrow ma
nagement automatically on input line 17.

)
(/home/zaikunzhang/local/texlive/2025/texmf-dist/tex/latex/pgf/compatibility/pg
fnodes.sty
Package: pgfnodes 2025-08-29 v3.1.11a (3.1.11a)


Package pgfnodes Warning: This package is obsolete. pgf.sty will load node mana
gement automatically on input line 17.

)
(/home/zaikunzhang/local/texlive/2025/texmf-dist/tex/latex/filecontents/filecon
tents.sty
Package: filecontents 2023/04/02 v1.5a Create an external file from within a La
TeX document


Package filecontents Warning: This package is obsolete. Disabling it and
(filecontents)                passing control to the filecontents environment
(filecontents)                defined by the LaTeX kernel.

)
(/home/zaikunzhang/local/texlive/2025/texmf-dist/tex/latex/tikz-cd/tikz-cd.sty
Package: tikz-cd 2021/05/04 v1.0 Commutative diagrams with TikZ

(/home/zaikunzhang/local/texlive/2025/texmf-dist/tex/generic/tikz-cd/tikzlibrar
ycd.code.tex
(/home/zaikunzhang/local/texlive/2025/texmf-dist/tex/generic/pgf/frontendlayer/
tikz/libraries/tikzlibrarymatrix.code.tex
File: tikzlibrarymatrix.code.tex 2025-08-29 v3.1.11a (3.1.11a)
)
(/home/zaikunzhang/local/texlive/2025/texmf-dist/tex/generic/pgf/frontendlayer/
tikz/libraries/tikzlibraryquotes.code.tex
File: tikzlibraryquotes.code.tex 2025-08-29 v3.1.11a (3.1.11a)
)
(/home/zaikunzhang/local/texlive/2025/texmf-dist/tex/generic/pgf/libraries/pgfl
ibraryarrows.meta.code.tex
File: pgflibraryarrows.meta.code.tex 2025-08-29 v3.1.11a (3.1.11a)
\pgfarrowinset=\dimen311
\pgfarrowlength=\dimen312
\pgfarrowwidth=\dimen313
\pgfarrowlinewidth=\dimen314
)))
(/home/zaikunzhang/local/texlive/2025/texmf-dist/tex/generic/pgf/frontendlayer/
tikz/libraries/tikzlibraryarrows.code.tex
File: tikzlibraryarrows.code.tex 2025-08-29 v3.1.11a (3.1.11a)

(/home/zaikunzhang/local/texlive/2025/texmf-dist/tex/generic/pgf/libraries/pgfl
ibraryarrows.code.tex
File: pgflibraryarrows.code.tex 2025-08-29 v3.1.11a (3.1.11a)
\arrowsize=\dimen315
))
(/home/zaikunzhang/local/texlive/2025/texmf-dist/tex/generic/pgf/frontendlayer/
tikz/libraries/tikzlibrarypatterns.code.tex
File: tikzlibrarypatterns.code.tex 2025-08-29 v3.1.11a (3.1.11a)

(/home/zaikunzhang/local/texlive/2025/texmf-dist/tex/generic/pgf/libraries/pgfl
ibrarypatterns.code.tex
File: pgflibrarypatterns.code.tex 2025-08-29 v3.1.11a (3.1.11a)
))
(/home/zaikunzhang/local/texlive/2025/texmf-dist/tex/generic/pgf/frontendlayer/
tikz/libraries/tikzlibrarypositioning.code.tex
File: tikzlibrarypositioning.code.tex 2025-08-29 v3.1.11a (3.1.11a)
)
(/home/zaikunzhang/local/texlive/2025/texmf-dist/tex/generic/pgf/frontendlayer/
tikz/libraries/tikzlibrarydecorations.markings.code.tex
(/home/zaikunzhang/local/texlive/2025/texmf-dist/tex/generic/pgf/frontendlayer/
tikz/libraries/tikzlibrarydecorations.code.tex
(/home/zaikunzhang/local/texlive/2025/texmf-dist/tex/generic/pgf/modules/pgfmod
uledecorations.code.tex
\pgfdecoratedcompleteddistance=\dimen316
\pgfdecoratedremainingdistance=\dimen317
\pgfdecoratedinputsegmentcompleteddistance=\dimen318
\pgfdecoratedinputsegmentremainingdistance=\dimen319
\pgf@decorate@distancetomove=\dimen320
\pgf@decorate@repeatstate=\count346
\pgfdecorationsegmentamplitude=\dimen321
\pgfdecorationsegmentlength=\dimen322
)
\tikz@lib@dec@box=\box76
)
(/home/zaikunzhang/local/texlive/2025/texmf-dist/tex/generic/pgf/libraries/deco
rations/pgflibrarydecorations.markings.code.tex))
(/home/zaikunzhang/local/texlive/2025/texmf-dist/tex/generic/pgf/frontendlayer/
tikz/libraries/tikzlibraryshapes.code.tex
File: tikzlibraryshapes.code.tex 2025-08-29 v3.1.11a (3.1.11a)

(/home/zaikunzhang/local/texlive/2025/texmf-dist/tex/generic/pgf/frontendlayer/
tikz/libraries/tikzlibraryshapes.geometric.code.tex
File: tikzlibraryshapes.geometric.code.tex 2025-08-29 v3.1.11a (3.1.11a)

(/home/zaikunzhang/local/texlive/2025/texmf-dist/tex/generic/pgf/libraries/shap
es/pgflibraryshapes.geometric.code.tex
File: pgflibraryshapes.geometric.code.tex 2025-08-29 v3.1.11a (3.1.11a)
))
(/home/zaikunzhang/local/texlive/2025/texmf-dist/tex/generic/pgf/frontendlayer/
tikz/libraries/tikzlibraryshapes.misc.code.tex
File: tikzlibraryshapes.misc.code.tex 2025-08-29 v3.1.11a (3.1.11a)

(/home/zaikunzhang/local/texlive/2025/texmf-dist/tex/generic/pgf/libraries/shap
es/pgflibraryshapes.misc.code.tex
File: pgflibraryshapes.misc.code.tex 2025-08-29 v3.1.11a (3.1.11a)
))
(/home/zaikunzhang/local/texlive/2025/texmf-dist/tex/generic/pgf/frontendlayer/
tikz/libraries/tikzlibraryshapes.symbols.code.tex
File: tikzlibraryshapes.symbols.code.tex 2025-08-29 v3.1.11a (3.1.11a)

(/home/zaikunzhang/local/texlive/2025/texmf-dist/tex/generic/pgf/libraries/shap
es/pgflibraryshapes.symbols.code.tex
File: pgflibraryshapes.symbols.code.tex 2025-08-29 v3.1.11a (3.1.11a)
))
(/home/zaikunzhang/local/texlive/2025/texmf-dist/tex/generic/pgf/frontendlayer/
tikz/libraries/tikzlibraryshapes.arrows.code.tex
File: tikzlibraryshapes.arrows.code.tex 2025-08-29 v3.1.11a (3.1.11a)

(/home/zaikunzhang/local/texlive/2025/texmf-dist/tex/generic/pgf/libraries/shap
es/pgflibraryshapes.arrows.code.tex
File: pgflibraryshapes.arrows.code.tex 2025-08-29 v3.1.11a (3.1.11a)
))
(/home/zaikunzhang/local/texlive/2025/texmf-dist/tex/generic/pgf/frontendlayer/
tikz/libraries/tikzlibraryshapes.callouts.code.tex
(/home/zaikunzhang/local/texlive/2025/texmf-dist/tex/generic/pgf/libraries/shap
es/pgflibraryshapes.callouts.code.tex))
(/home/zaikunzhang/local/texlive/2025/texmf-dist/tex/generic/pgf/frontendlayer/
tikz/libraries/tikzlibraryshapes.multipart.code.tex
File: tikzlibraryshapes.multipart.code.tex 2025-08-29 v3.1.11a (3.1.11a)

(/home/zaikunzhang/local/texlive/2025/texmf-dist/tex/generic/pgf/libraries/shap
es/pgflibraryshapes.multipart.code.tex
File: pgflibraryshapes.multipart.code.tex 2025-08-29 v3.1.11a (3.1.11a)
\pgfnodepartlowerbox=\box77
\pgfnodeparttwobox=\box78
\pgfnodepartthreebox=\box79
\pgfnodepartfourbox=\box80
\pgfnodeparttwentybox=\box81
\pgfnodepartnineteenbox=\box82
\pgfnodeparteighteenbox=\box83
\pgfnodepartseventeenbox=\box84
\pgfnodepartsixteenbox=\box85
\pgfnodepartfifteenbox=\box86
\pgfnodepartfourteenbox=\box87
\pgfnodepartthirteenbox=\box88
\pgfnodeparttwelvebox=\box89
\pgfnodepartelevenbox=\box90
\pgfnodeparttenbox=\box91
\pgfnodepartninebox=\box92
\pgfnodeparteightbox=\box93
\pgfnodepartsevenbox=\box94
\pgfnodepartsixbox=\box95
\pgfnodepartfivebox=\box96
)))
(/home/zaikunzhang/local/texlive/2025/texmf-dist/tex/latex/pgfplots/pgfplots.st
y
(/home/zaikunzhang/local/texlive/2025/texmf-dist/tex/generic/pgfplots/pgfplots.
revision.tex)
Package: pgfplots 2025/08/14 v1.18.2 Data Visualization (1.18.2)

(/home/zaikunzhang/local/texlive/2025/texmf-dist/tex/generic/pgfplots/pgfplots.
code.tex
(/home/zaikunzhang/local/texlive/2025/texmf-dist/tex/generic/pgfplots/pgfplotsc
ore.code.tex
\t@pgfplots@toka=\toks47
\t@pgfplots@tokb=\toks48
\t@pgfplots@tokc=\toks49
\pgfplots@tmpa=\dimen323
\c@pgfplots@coordindex=\count347
\c@pgfplots@scanlineindex=\count348

(/home/zaikunzhang/local/texlive/2025/texmf-dist/tex/generic/pgfplots/sys/pgfpl
otssysgeneric.code.tex))
(/home/zaikunzhang/local/texlive/2025/texmf-dist/tex/generic/pgfplots/libs/pgfp
lotslibrary.code.tex)
(/home/zaikunzhang/local/texlive/2025/texmf-dist/tex/generic/pgfplots/oldpgfcom
patib/pgfplotsoldpgfsupp_loader.code.tex
(/home/zaikunzhang/local/texlive/2025/texmf-dist/tex/generic/pgf/libraries/pgfl
ibraryfpu.code.tex)
(/home/zaikunzhang/local/texlive/2025/texmf-dist/tex/generic/pgfplots/oldpgfcom
patib/pgfplotsoldpgfsupp_pgfutil-common-lists.tex))
(/home/zaikunzhang/local/texlive/2025/texmf-dist/tex/generic/pgfplots/util/pgfp
lotsutil.code.tex
(/home/zaikunzhang/local/texlive/2025/texmf-dist/tex/generic/pgfplots/liststruc
ture/pgfplotsliststructure.code.tex)
(/home/zaikunzhang/local/texlive/2025/texmf-dist/tex/generic/pgfplots/liststruc
ture/pgfplotsliststructureext.code.tex)
(/home/zaikunzhang/local/texlive/2025/texmf-dist/tex/generic/pgfplots/liststruc
ture/pgfplotsarray.code.tex
\c@pgfplotsarray@tmp=\count349
)
(/home/zaikunzhang/local/texlive/2025/texmf-dist/tex/generic/pgfplots/liststruc
ture/pgfplotsmatrix.code.tex)
(/home/zaikunzhang/local/texlive/2025/texmf-dist/tex/generic/pgfplots/numtable/
pgfplotstableshared.code.tex
\c@pgfplotstable@counta=\count350
\t@pgfplotstable@a=\toks50
)
(/home/zaikunzhang/local/texlive/2025/texmf-dist/tex/generic/pgfplots/liststruc
ture/pgfplotsdeque.code.tex)
(/home/zaikunzhang/local/texlive/2025/texmf-dist/tex/generic/pgfplots/util/pgfp
lotsbinary.code.tex
(/home/zaikunzhang/local/texlive/2025/texmf-dist/tex/generic/pgfplots/util/pgfp
lotsbinary.data.code.tex))
(/home/zaikunzhang/local/texlive/2025/texmf-dist/tex/generic/pgfplots/util/pgfp
lotsutil.verb.code.tex)
(/home/zaikunzhang/local/texlive/2025/texmf-dist/tex/generic/pgfplots/libs/pgfl
ibrarypgfplots.surfshading.code.tex
\c@pgfplotslibrarysurf@no=\count351

(/home/zaikunzhang/local/texlive/2025/texmf-dist/tex/generic/pgfplots/sys/pgfli
brarypgfplots.surfshading.pgfsys-pdftex.def)))
(/home/zaikunzhang/local/texlive/2025/texmf-dist/tex/generic/pgfplots/util/pgfp
lotscolormap.code.tex
(/home/zaikunzhang/local/texlive/2025/texmf-dist/tex/generic/pgfplots/util/pgfp
lotscolor.code.tex))
(/home/zaikunzhang/local/texlive/2025/texmf-dist/tex/generic/pgfplots/pgfplotss
tackedplots.code.tex)
(/home/zaikunzhang/local/texlive/2025/texmf-dist/tex/generic/pgfplots/pgfplotsp
lothandlers.code.tex
(/home/zaikunzhang/local/texlive/2025/texmf-dist/tex/generic/pgfplots/pgfplotsm
eshplothandler.code.tex
(/home/zaikunzhang/local/texlive/2025/texmf-dist/tex/generic/pgfplots/pgfplotsm
eshplotimage.code.tex)))
(/home/zaikunzhang/local/texlive/2025/texmf-dist/tex/generic/pgfplots/pgfplots.
scaling.code.tex)
(/home/zaikunzhang/local/texlive/2025/texmf-dist/tex/generic/pgfplots/pgfplotsc
oordprocessing.code.tex)
(/home/zaikunzhang/local/texlive/2025/texmf-dist/tex/generic/pgfplots/pgfplots.
errorbars.code.tex)
(/home/zaikunzhang/local/texlive/2025/texmf-dist/tex/generic/pgfplots/pgfplots.
markers.code.tex)
(/home/zaikunzhang/local/texlive/2025/texmf-dist/tex/generic/pgfplots/pgfplotst
icks.code.tex)
(/home/zaikunzhang/local/texlive/2025/texmf-dist/tex/generic/pgfplots/pgfplots.
paths.code.tex)
(/home/zaikunzhang/local/texlive/2025/texmf-dist/tex/generic/pgf/frontendlayer/
tikz/libraries/tikzlibrarydecorations.pathmorphing.code.tex
(/home/zaikunzhang/local/texlive/2025/texmf-dist/tex/generic/pgf/libraries/deco
rations/pgflibrarydecorations.pathmorphing.code.tex))
(/home/zaikunzhang/local/texlive/2025/texmf-dist/tex/generic/pgf/frontendlayer/
tikz/libraries/tikzlibrarydecorations.pathreplacing.code.tex
(/home/zaikunzhang/local/texlive/2025/texmf-dist/tex/generic/pgf/libraries/deco
rations/pgflibrarydecorations.pathreplacing.code.tex))
(/home/zaikunzhang/local/texlive/2025/texmf-dist/tex/generic/pgfplots/libs/tikz
librarypgfplots.contourlua.code.tex)
\pgfplots@numplots=\count352
\pgfplots@xmin@reg=\dimen324
\pgfplots@xmax@reg=\dimen325
\pgfplots@ymin@reg=\dimen326
\pgfplots@ymax@reg=\dimen327
\pgfplots@zmin@reg=\dimen328
\pgfplots@zmax@reg=\dimen329
)
(/home/zaikunzhang/local/texlive/2025/texmf-dist/tex/generic/pgf/frontendlayer/
tikz/libraries/tikzlibraryplotmarks.code.tex
File: tikzlibraryplotmarks.code.tex 2025-08-29 v3.1.11a (3.1.11a)

(/home/zaikunzhang/local/texlive/2025/texmf-dist/tex/generic/pgf/libraries/pgfl
ibraryplotmarks.code.tex
File: pgflibraryplotmarks.code.tex 2025-08-29 v3.1.11a (3.1.11a)
)))
(/home/zaikunzhang/local/texlive/2025/texmf-dist/tex/latex/pgfplots/pgfplotstab
le.sty
(/home/zaikunzhang/local/texlive/2025/texmf-dist/tex/generic/pgfplots/pgfplots.
revision.tex)
Package: pgfplotstable 2025/08/14 v1.18.2 Table typesetting and Pretty-printing
 (1.18.2)

(/home/zaikunzhang/local/texlive/2025/texmf-dist/tex/generic/pgfplots/numtable/
pgfplotstable.code.tex
(/home/zaikunzhang/local/texlive/2025/texmf-dist/tex/generic/pgfplots/numtable/
pgfplotstable.coltype.code.tex))
(/home/zaikunzhang/local/texlive/2025/texmf-dist/tex/latex/tools/array.sty
Package: array 2025/09/25 v2.6n Tabular extension package (FMi)
\col@sep=\dimen330
\ar@mcellbox=\box97
\extrarowheight=\dimen331
\NC@list=\toks51
\extratabsurround=\skip69
\backup@length=\skip70
\ar@cellbox=\box98
))
(/home/zaikunzhang/local/texlive/2025/texmf-dist/tex/latex/caption/caption.sty
Package: caption 2023/08/05 v3.6o Customizing captions (AR)

(/home/zaikunzhang/local/texlive/2025/texmf-dist/tex/latex/caption/caption3.sty
Package: caption3 2023/07/31 v2.4d caption3 kernel (AR)
\caption@tempdima=\dimen332
\captionmargin=\dimen333
\caption@leftmargin=\dimen334
\caption@rightmargin=\dimen335
\caption@width=\dimen336
\caption@indent=\dimen337
\caption@parindent=\dimen338
\caption@hangindent=\dimen339
Package caption Info: Standard document class detected.
)
\c@caption@flags=\count353
\c@continuedfloat=\count354
Package caption Info: longtable package is loaded.

(/home/zaikunzhang/local/texlive/2025/texmf-dist/tex/latex/caption/ltcaption.st
y
Package: ltcaption 2021/01/08 v1.4c longtable captions (AR)
)
Package caption Info: rotating package is loaded.
)
(/home/zaikunzhang/local/texlive/2025/texmf-dist/tex/generic/pgfplots/libs/tikz
librarypgfplots.fillbetween.code.tex
(/home/zaikunzhang/local/texlive/2025/texmf-dist/tex/generic/pgfplots/pgfcontri
b/tikzlibraryfillbetween.code.tex
(/home/zaikunzhang/local/texlive/2025/texmf-dist/tex/generic/pgf/frontendlayer/
tikz/libraries/tikzlibraryintersections.code.tex
(/home/zaikunzhang/local/texlive/2025/texmf-dist/tex/generic/pgf/libraries/pgfl
ibraryintersections.code.tex
\pgf@intersect@solutions=\count355
))
(/home/zaikunzhang/local/texlive/2025/texmf-dist/tex/generic/pgfplots/pgfcontri
b/tikzlibrarydecorations.softclip.code.tex
(/home/zaikunzhang/local/texlive/2025/texmf-dist/tex/generic/pgfplots/pgfcontri
b/pgflibraryfillbetween.code.tex)))
(/home/zaikunzhang/local/texlive/2025/texmf-dist/tex/generic/pgfplots/libs/tikz
librarypgfplots.decorations.softclip.code.tex))
(/home/zaikunzhang/local/texlive/2025/texmf-dist/tex/generic/ulem/ulem.sty
\UL@box=\box99
\UL@hyphenbox=\box100
\UL@skip=\skip71
\UL@hook=\toks52
\UL@height=\dimen340
\UL@pe=\count356
\UL@pixel=\dimen341
\ULC@box=\box101
Package: ulem 2019/11/18
\ULdepth=\dimen342
)
(/home/zaikunzhang/local/texlive/2025/texmf-dist/tex/latex/appendix/appendix.st
y
Package: appendix 2020/02/08 v1.2c extra appendix facilities
\c@@pps=\count357
\c@@ppsavesec=\count358
\c@@ppsaveapp=\count359
)
(/home/zaikunzhang/local/texlive/2025/texmf-dist/tex/latex/silence/silence.sty
Package: silence 2012/07/02 v1.5b Selective filtering of warnings and error mes
sages
\sl@Save=\count360
\sl@StateNumber=\count361
\sl@MessageCount=\count362
\sl@Casualties=\count363
\sl@Filter=\toks53
\sl@Message=\toks54
\sl@UnexpandedMessage=\toks55
\sl@Mess@ge=\toks56
\sl@WarningCount=\count364
\sl@WarningNumber=\count365
\sl@WarningCasualties=\count366
\sl@TempBOW=\toks57
\sl@BankOfWarnings=\toks58
LaTeX Info: Redefining \GenericWarning on input line 433.
\sl@ErrorCount=\count367
\sl@ErrorNumber=\count368
\sl@ErrorCasualties=\count369
\sl@TempBOE=\toks59
\sl@BankOfErrors=\toks60
LaTeX Info: Redefining \GenericError on input line 601.
) (/home/zaikunzhang/local/texlive/2025/texmf-dist/tex/latex/eqlist/eqlist.sty
eqlist.sty by M. Vaeth: Revision 2.1
Package: eqlist 2002/08/15 v2.1

(/home/zaikunzhang/local/texlive/2025/texmf-dist/tex/latex/eqparbox/eqparbox.st
y
Package: eqparbox 2017/09/03 v4.1 Create equal-widthed boxes
\eqp@tempdima=\skip72
\eqp@tempdimb=\skip73
\eqp@tabular@box=\box102
\eqp@list@box=\box103
\eqp@list@indent=\skip74

(/home/zaikunzhang/local/texlive/2025/texmf-dist/tex/latex/environ/environ.sty
Package: environ 2014/05/04 v0.3 A new way to define environments

(/home/zaikunzhang/local/texlive/2025/texmf-dist/tex/latex/trimspaces/trimspace
s.sty
Package: trimspaces 2009/09/17 v1.1 Trim spaces around a token list
)))
\eql@cnt=\count370
)
(/home/zaikunzhang/local/texlive/2025/texmf-dist/tex/latex/enumitem/enumitem.st
y
Package: enumitem 2025/02/06 v3.11 Customized lists
\labelindent=\skip75
\enit@outerparindent=\dimen343
\enit@toks=\toks61
\enit@inbox=\box104
\enit@count@id=\count371
\enitdp@description=\count372
)
(/home/zaikunzhang/local/texlive/2025/texmf-dist/tex/latex/hyperref/hyperref.st
y
Package: hyperref 2026-01-29 v7.01p Hypertext links for LaTeX

(/home/zaikunzhang/local/texlive/2025/texmf-dist/tex/latex/kvsetkeys/kvsetkeys.
sty
Package: kvsetkeys 2022-10-05 v1.19 Key value parser (HO)
)
(/home/zaikunzhang/local/texlive/2025/texmf-dist/tex/generic/kvdefinekeys/kvdef
inekeys.sty
Package: kvdefinekeys 2019-12-19 v1.6 Define keys (HO)
)
(/home/zaikunzhang/local/texlive/2025/texmf-dist/tex/generic/pdfescape/pdfescap
e.sty
Package: pdfescape 2019/12/09 v1.15 Implements pdfTeX's escape features (HO)

(/home/zaikunzhang/local/texlive/2025/texmf-dist/tex/generic/ltxcmds/ltxcmds.st
y
Package: ltxcmds 2023-12-04 v1.26 LaTeX kernel commands for general use (HO)
)
(/home/zaikunzhang/local/texlive/2025/texmf-dist/tex/generic/pdftexcmds/pdftexc
mds.sty
Package: pdftexcmds 2020-06-27 v0.33 Utility functions of pdfTeX for LuaTeX (HO
)

(/home/zaikunzhang/local/texlive/2025/texmf-dist/tex/generic/infwarerr/infwarer
r.sty
Package: infwarerr 2019/12/03 v1.5 Providing info/warning/error messages (HO)
)
Package pdftexcmds Info: \pdf@primitive is available.
Package pdftexcmds Info: \pdf@ifprimitive is available.
Package pdftexcmds Info: \pdfdraftmode found.
))
(/home/zaikunzhang/local/texlive/2025/texmf-dist/tex/latex/hycolor/hycolor.sty
Package: hycolor 2020-01-27 v1.10 Color options for hyperref/bookmark (HO)
)
(/home/zaikunzhang/local/texlive/2025/texmf-dist/tex/latex/hyperref/nameref.sty
Package: nameref 2026-01-29 v2.58 Cross-referencing by name of section

(/home/zaikunzhang/local/texlive/2025/texmf-dist/tex/latex/refcount/refcount.st
y
Package: refcount 2019/12/15 v3.6 Data extraction from label references (HO)
)
(/home/zaikunzhang/local/texlive/2025/texmf-dist/tex/generic/gettitlestring/get
titlestring.sty
Package: gettitlestring 2019/12/15 v1.6 Cleanup title references (HO)

(/home/zaikunzhang/local/texlive/2025/texmf-dist/tex/latex/kvoptions/kvoptions.
sty
Package: kvoptions 2022-06-15 v3.15 Key value format for package options (HO)
))
\c@section@level=\count373
)
(/home/zaikunzhang/local/texlive/2025/texmf-dist/tex/generic/stringenc/stringen
c.sty
Package: stringenc 2019/11/29 v1.12 Convert strings between diff. encodings (HO
)
)
\@linkdim=\dimen344
\Hy@linkcounter=\count374
\Hy@pagecounter=\count375

(/home/zaikunzhang/local/texlive/2025/texmf-dist/tex/latex/hyperref/pd1enc.def
File: pd1enc.def 2026-01-29 v7.01p Hyperref: PDFDocEncoding definition (HO)
Now handling font encoding PD1 ...
... no UTF-8 mapping file for font encoding PD1
)
(/home/zaikunzhang/local/texlive/2025/texmf-dist/tex/generic/intcalc/intcalc.st
y
Package: intcalc 2019/12/15 v1.3 Expandable calculations with integers (HO)
)
\Hy@SavedSpaceFactor=\count376

(/home/zaikunzhang/local/texlive/2025/texmf-dist/tex/latex/hyperref/puenc.def
File: puenc.def 2026-01-29 v7.01p Hyperref: PDF Unicode definition (HO)
Now handling font encoding PU ...
... no UTF-8 mapping file for font encoding PU
)
Package hyperref Info: Hyper figures OFF on input line 4201.
Package hyperref Info: Link nesting OFF on input line 4206.
Package hyperref Info: Hyper index ON on input line 4209.
Package hyperref Info: Plain pages OFF on input line 4216.
Package hyperref Info: Backreferencing OFF on input line 4221.
Package hyperref Info: Implicit mode ON; LaTeX internals redefined.
Package hyperref Info: Bookmarks ON on input line 4468.
\c@Hy@tempcnt=\count377

(/home/zaikunzhang/local/texlive/2025/texmf-dist/tex/latex/url/url.sty
\Urlmuskip=\muskip18
Package: url 2013/09/16  ver 3.4  Verb mode for urls, etc.
)
LaTeX Info: Redefining \url on input line 4807.
\XeTeXLinkMargin=\dimen345

(/home/zaikunzhang/local/texlive/2025/texmf-dist/tex/generic/bitset/bitset.sty
Package: bitset 2019/12/09 v1.3 Handle bit-vector datatype (HO)

(/home/zaikunzhang/local/texlive/2025/texmf-dist/tex/generic/bigintcalc/bigintc
alc.sty
Package: bigintcalc 2019/12/15 v1.5 Expandable calculations on big integers (HO
)
))
\Fld@menulength=\count378
\Field@Width=\dimen346
\Fld@charsize=\dimen347
Package hyperref Info: Hyper figures OFF on input line 6084.
Package hyperref Info: Link nesting OFF on input line 6089.
Package hyperref Info: Hyper index ON on input line 6092.
Package hyperref Info: backreferencing OFF on input line 6099.
Package hyperref Info: Link coloring OFF on input line 6104.
Package hyperref Info: Link coloring with OCG OFF on input line 6109.
Package hyperref Info: PDF/A mode OFF on input line 6114.
\Hy@abspage=\count379
\c@Item=\count380
\c@Hfootnote=\count381
)
Package hyperref Info: Driver (autodetected): hpdftex.

(/home/zaikunzhang/local/texlive/2025/texmf-dist/tex/latex/hyperref/hpdftex.def
File: hpdftex.def 2026-01-29 v7.01p Hyperref driver for pdfTeX
\Fld@listcount=\count382
\c@bookmark@seq@number=\count383

(/home/zaikunzhang/local/texlive/2025/texmf-dist/tex/latex/rerunfilecheck/rerun
filecheck.sty
Package: rerunfilecheck 2025-06-21 v1.11 Rerun checks for auxiliary files (HO)

(/home/zaikunzhang/local/texlive/2025/texmf-dist/tex/generic/uniquecounter/uniq
uecounter.sty
Package: uniquecounter 2019/12/15 v1.4 Provide unlimited unique counter (HO)
)
Package uniquecounter Info: New unique counter `rerunfilecheck' on input line 2
84.
)
\Hy@SectionHShift=\skip76
)
Package hyperref Info: Option `colorlinks' set `true' on input line 79.

(/home/zaikunzhang/local/texlive/2025/texmf-dist/tex/latex/algorithms/algorithm
.sty
Package: algorithm 2009/08/24 v0.1 Document Style `algorithm' - floating enviro
nment
 (/home/zaikunzhang/local/texlive/2025/texmf-dist/tex/latex/float/float.sty
Package: float 2001/11/08 v1.3d Float enhancements (AL)
\c@float@type=\count384
\float@exts=\toks62
\float@box=\box105
\@float@everytoks=\toks63
\@floatcapt=\box106
)
\@float@every@algorithm=\toks64
\c@algorithm=\count385
)
(/home/zaikunzhang/local/texlive/2025/texmf-dist/tex/latex/algorithmicx/algpseu
docode.sty
Package: algpseudocode 

(/home/zaikunzhang/local/texlive/2025/texmf-dist/tex/latex/algorithmicx/algorit
hmicx.sty
Package: algorithmicx 2005/04/27 v1.2 Algorithmicx

Document Style algorithmicx 1.2 - a greatly improved `algorithmic' style
\c@ALG@line=\count386
\c@ALG@rem=\count387
\c@ALG@nested=\count388
\ALG@tlm=\skip77
\ALG@thistlm=\skip78
\c@ALG@Lnr=\count389
\c@ALG@blocknr=\count390
\c@ALG@storecount=\count391
\c@ALG@tmpcounter=\count392
\ALG@tmplength=\skip79
)
Document Style - pseudocode environments for use with the `algorithmicx' style
)
\c@theorem=\count393
\c@acknowledgement=\count394
\c@alg=\count395
\c@axiom=\count396
\c@case=\count397
\c@claim=\count398
\c@conclusion=\count399
\c@condition=\count400
\c@conjecture=\count401
\c@corollary=\count402
\c@criterion=\count403
\c@exercise=\count404
\c@lemma=\count405
\c@notation=\count406
\c@problem=\count407
\c@proposition=\count408
\c@remark=\count409
\c@solution=\count410
\c@assumption=\count411
\c@summary=\count412
\c@note=\count413
\c@doubt=\count414
\c@properties=\count415
\c@example=\count416
\c@stronconv=\count417
\c@definition=\count418
 (/home/zaikunzhang/local/texlive/2025/texmf-dist/tex/latex/xpatch/xpatch.sty
Package: xpatch 2020/03/25 v0.3a Extending etoolbox patching commands
)
(/home/zaikunzhang/local/texlive/2025/texmf-dist/tex/latex/microtype/microtype.
sty
Package: microtype 2025/07/09 v3.2b Micro-typographical refinements (RS)
\MT@toks=\toks65
\MT@tempbox=\box107
\MT@count=\count419
LaTeX Info: Redefining \noprotrusionifhmode on input line 1087.
LaTeX Info: Redefining \leftprotrusion on input line 1088.
\MT@prot@toks=\toks66
LaTeX Info: Redefining \rightprotrusion on input line 1107.
LaTeX Info: Redefining \textls on input line 1449.
\MT@outer@kern=\dimen348
LaTeX Info: Redefining \microtypecontext on input line 2053.
LaTeX Info: Redefining \textmicrotypecontext on input line 2070.
\MT@listname@count=\count420

(/home/zaikunzhang/local/texlive/2025/texmf-dist/tex/latex/microtype/microtype-
pdftex.def
File: microtype-pdftex.def 2025/07/09 v3.2b Definitions specific to pdftex (RS)

LaTeX Info: Redefining \lsstyle on input line 944.
LaTeX Info: Redefining \lslig on input line 944.
\MT@outer@space=\skip80
)
Package microtype Info: Loading configuration file microtype.cfg.

(/home/zaikunzhang/local/texlive/2025/texmf-dist/tex/latex/microtype/microtype.
cfg
File: microtype.cfg 2025/07/09 v3.2b microtype main configuration file (RS)
)
LaTeX Info: Redefining \microtypesetup on input line 3065.
)
(/home/zaikunzhang/local/texlive/2025/texmf-dist/tex/latex/titlesec/titlesec.st
y
Package: titlesec 2025/01/04 v2.17 Sectioning titles
\ttl@box=\box108
\beforetitleunit=\skip81
\aftertitleunit=\skip82
\ttl@plus=\dimen349
\ttl@minus=\dimen350
\ttl@toksa=\toks67
\titlewidth=\dimen351
\titlewidthlast=\dimen352
\titlewidthfirst=\dimen353
)
(/home/zaikunzhang/local/texlive/2025/texmf-dist/tex/latex/relsize/relsize.sty
Package: relsize 2013/03/29 ver 4.1
)
(/home/zaikunzhang/local/texlive/2025/texmf-dist/tex/latex/ncctools/nccmath.sty
Package: nccmath 2006/01/20 v1.3 Additional Math Commands (NCC)
\NCC@fracrulewidth=\dimen354
)
LaTeX Font Info:    Overwriting math alphabet `\mathsfit' in version `bold'
(Font)                  T1/cmss/m/sl --> T1/cmss/b/sl on input line 236.
LaTeX Font Info:    Overwriting math alphabet `\mathlcal' in version `bold'
(Font)                  U/dutchcal/m/n --> U/dutchcal/b/n on input line 263.

(/home/zaikunzhang/local/texlive/2025/texmf-dist/tex/latex/mathalpha/mathalfa.s
ty)
(/home/zaikunzhang/local/texlive/2025/texmf-dist/tex/latex/mathalpha/mathalpha.
sty
Package: mathalpha 2025/01/17 - 1.145mathalpha (License LPPL) Michael Sharpe
 `mathalpha' v1.145, 2025/01/17, a renaming of mathalfa (msharpe)
LaTeX Font Info:    Overwriting math alphabet `\mathscr' in version `bold'
(Font)                  U/boondoxuprs/m/n --> U/boondoxuprs/b/n on input line 1
039.
)
\tikzscale@accuracy=\skip83

(./svd.aux)
\openout1 = `svd.aux'.

LaTeX Font Info:    Checking defaults for OML/cmm/m/it on input line 314.
LaTeX Font Info:    ... okay on input line 314.
LaTeX Font Info:    Checking defaults for OMS/cmsy/m/n on input line 314.
LaTeX Font Info:    ... okay on input line 314.
LaTeX Font Info:    Checking defaults for OT1/cmr/m/n on input line 314.
LaTeX Font Info:    ... okay on input line 314.
LaTeX Font Info:    Checking defaults for T1/cmr/m/n on input line 314.
LaTeX Font Info:    ... okay on input line 314.
LaTeX Font Info:    Checking defaults for TS1/cmr/m/n on input line 314.
LaTeX Font Info:    ... okay on input line 314.
LaTeX Font Info:    Checking defaults for OMX/cmex/m/n on input line 314.
LaTeX Font Info:    ... okay on input line 314.
LaTeX Font Info:    Checking defaults for U/cmr/m/n on input line 314.
LaTeX Font Info:    ... okay on input line 314.
LaTeX Font Info:    Checking defaults for PD1/pdf/m/n on input line 314.
LaTeX Font Info:    ... okay on input line 314.
LaTeX Font Info:    Checking defaults for PU/pdf/m/n on input line 314.
LaTeX Font Info:    ... okay on input line 314.

*geometry* driver: auto-detecting
*geometry* detected driver: pdftex
*geometry* verbose mode - [ preamble ] result:
* driver: pdftex
* paper: a4paper
* layout: <same size as paper>
* layoutoffset:(h,v)=(0.0pt,0.0pt)
* modes: 
* h-part:(L,W,R)=(71.1319pt, 455.24408pt, 71.1319pt)
* v-part:(T,H,B)=(87.63449pt, 625.96062pt, 131.45174pt)
* \paperwidth=597.50787pt
* \paperheight=845.04684pt
* \textwidth=455.24408pt
* \textheight=625.96062pt
* \oddsidemargin=-1.13809pt
* \evensidemargin=-1.13809pt
* \topmargin=-21.6355pt
* \headheight=12.0pt
* \headsep=25.0pt
* \topskip=11.0pt
* \footskip=30.0pt
* \marginparwidth=50.0pt
* \marginparsep=10.0pt
* \columnsep=10.0pt
* \skip\footins=10.0pt plus 4.0pt minus 2.0pt
* \hoffset=0.0pt
* \voffset=0.0pt
* \mag=1000
* \@twocolumnfalse
* \@twosidefalse
* \@mparswitchfalse
* \@reversemarginfalse
* (1in=72.27pt=25.4mm, 1cm=28.453pt)


(/home/zaikunzhang/local/texlive/2025/texmf-dist/tex/context/base/mkii/supp-pdf
.mkii
[Loading MPS to PDF converter (version 2006.09.02).]
\scratchcounter=\count421
\scratchdimen=\dimen355
\scratchbox=\box109
\nofMPsegments=\count422
\nofMParguments=\count423
\everyMPshowfont=\toks68
\MPscratchCnt=\count424
\MPscratchDim=\dimen356
\MPnumerator=\count425
\makeMPintoPDFobject=\count426
\everyMPtoPDFconversion=\toks69
)
(/home/zaikunzhang/local/texlive/2025/texmf-dist/tex/latex/epstopdf-pkg/epstopd
f-base.sty
Package: epstopdf-base 2020-01-24 v2.11 Base part for package epstopdf

(/home/zaikunzhang/local/texlive/2025/texmf-dist/tex/latex/grfext/grfext.sty
Package: grfext 2019/12/03 v1.3 Manage graphics extensions (HO)
)
Package epstopdf-base Info: Redefining graphics rule for `.eps' on input line 4
85.
Package grfext Info: Graphics extension search list:
(grfext)             [.tikz,.TIKZ,.TikZ,.pgf,.PGF,.pdf,.png,.jpg,.mps,.jpeg,.jb
ig2,.jb2,.PDF,.PNG,.JPG,.JPEG,.JBIG2,.JB2,.eps]
(grfext)             \AppendGraphicsExtensions on input line 504.

(/home/zaikunzhang/local/texlive/2025/texmf-dist/tex/latex/latexconfig/epstopdf
-sys.cfg
File: epstopdf-sys.cfg 2010/07/13 v1.3 Configuration of (r)epstopdf for TeX Liv
e
))
Package pgfplots notification 'compat/show suggested version=true': you might b
enefit from \pgfplotsset{compat=1.18} (current compat level: 1.11).

Package caption Info: Begin \AtBeginDocument code.
Package caption Info: float package is loaded.
Package caption Info: hyperref package is loaded.
Package caption Info: End \AtBeginDocument code.
Package hyperref Info: Link coloring ON on input line 314.
(./svd.out) (./svd.out)
\@outlinefile=\write4
\openout4 = `svd.out'.

LaTeX Info: Redefining \microtypecontext on input line 314.
Package microtype Info: Applying patch `item' on input line 314.
Package microtype Info: Applying patch `toc' on input line 314.
Package microtype Info: Applying patch `eqnum' on input line 314.


Package microtype Warning: Unable to apply patch `footnote' on input line 314.

Package microtype Info: Applying patch `verbatim' on input line 314.
LaTeX Info: Redefining \microtypesetup on input line 314.
Package microtype Info: Generating PDF output.
Package microtype Info: Character protrusion enabled (level 2).
Package microtype Info: Using default protrusion set `alltext'.
Package microtype Info: Automatic font expansion enabled (level 2),
(microtype)             stretch: 20, shrink: 20, step: 1, non-selected.
Package microtype Info: Using default expansion set `alltext-nott'.
Package microtype Info: Patching command `\showhyphens'.
Package microtype Info: No adjustment of tracking.
Package microtype Info: No adjustment of interword spacing.
Package microtype Info: No adjustment of character kerning.

(/home/zaikunzhang/local/texlive/2025/texmf-dist/tex/latex/microtype/mt-cmr.cfg
File: mt-cmr.cfg 2013/05/19 v2.2 microtype config. file: Computer Modern Roman 
(RS)
)
LaTeX Font Info:    Trying to load font information for U+msa on input line 317
.
 (/home/zaikunzhang/local/texlive/2025/texmf-dist/tex/latex/amsfonts/umsa.fd
File: umsa.fd 2013/01/14 v3.01 AMS symbols A
)
(/home/zaikunzhang/local/texlive/2025/texmf-dist/tex/latex/microtype/mt-msa.cfg
File: mt-msa.cfg 2006/02/04 v1.1 microtype config. file: AMS symbols (a) (RS)
)
LaTeX Font Info:    Trying to load font information for U+msb on input line 317
.
 (/home/zaikunzhang/local/texlive/2025/texmf-dist/tex/latex/amsfonts/umsb.fd
File: umsb.fd 2013/01/14 v3.01 AMS symbols B
)
(/home/zaikunzhang/local/texlive/2025/texmf-dist/tex/latex/microtype/mt-msb.cfg
File: mt-msb.cfg 2005/06/01 v1.0 microtype config. file: AMS symbols (b) (RS)
)
LaTeX Font Info:    Trying to load font information for U+bbold on input line 3
17.
 (/home/zaikunzhang/local/texlive/2025/texmf-dist/tex/latex/bbold/Ubbold.fd)
(/home/zaikunzhang/local/texlive/2025/texmf-dist/tex/latex/microtype/mt-eur.cfg
File: mt-eur.cfg 2006/07/31 v1.1 microtype config. file: AMS Euler Roman (RS)
)
Package microtype Info: Loading generic protrusion settings for font family
(microtype)             `cmss' (encoding: OT1).
(microtype)             For optimal results, create family-specific settings.
(microtype)             See the microtype manual for details.
 [1

{/home/zaikunzhang/local/texlive/2025/texmf-var/fonts/map/pdftex/updmap/pdftex.
map}{/home/zaikunzhang/local/texlive/2025/texmf-dist/fonts/enc/dvips/cm-super/c
m-super-ts1.enc}] [2] [3]
pdfTeX warning (ext4): destination with the same identifier (name{equation.2.1}
) has been already used, duplicate ignored
<to be read again> 
                   \relax 
l.569   \begin{equation}
                        
pdfTeX warning (ext4): destination with the same identifier (name{equation.2.1}
) has been already used, duplicate ignored
<to be read again> 
                   \relax 
l.569   \begin{equation}
                        
pdfTeX warning (ext4): destination with the same identifier (name{equation.2.1}
) has been already used, duplicate ignored
<to be read again> 
                   \relax 
l.569   \begin{equation}
                        
pdfTeX warning (ext4): destination with the same identifier (name{equation.2.1}
) has been already used, duplicate ignored
<to be read again> 
                   \relax 
l.569   \begin{equation}
                        
pdfTeX warning (ext4): destination with the same identifier (name{equation.2.1}
) has been already used, duplicate ignored
<to be read again> 
                   \relax 
l.651   \begin{equation}
                        
pdfTeX warning (ext4): destination with the same identifier (name{equation.2.1}
) has been already used, duplicate ignored
<to be read again> 
                   \relax 
l.651   \begin{equation}
                        
pdfTeX warning (ext4): destination with the same identifier (name{equation.2.1}
) has been already used, duplicate ignored
<to be read again> 
                   \relax 
l.651   \begin{equation}
                        
pdfTeX warning (ext4): destination with the same identifier (name{equation.2.1}
) has been already used, duplicate ignored
<to be read again> 
                   \relax 
l.651   \begin{equation}
                         [4] [5]
Overfull \hbox (13.07242pt too wide) in paragraph at lines 848--855
\OT1/cmr/m/n/10.95 (-20) With $[]\OML/cmm/m/it/10.95 U \OT1/cmr/m/n/10.95 (-20)
 = \OML/cmm/m/it/10.95 A[]V[]\OT1/cmr/m/n/10.95 (-20) ^^C[]$, we know from The-
o-rem [][]5[][] that $[]\OML/cmm/m/it/10.95 U[]\OT1/cmr/m/n/10.95 (-20) ^^C[][]
\OML/cmm/m/it/10.95 V[]$ \OT1/cmr/m/n/10.95 (-20) is a com-pact SVD of $\OML/cm
m/m/it/10.95 A$\OT1/cmr/m/n/10.95 (-20) . Let $[]\OML/cmm/m/it/10.95 U \OMS/cms
y/m/n/10.95 2 \U/msb/m/n/10.95 C[]$
 []

[6]
pdfTeX warning (ext4): destination with the same identifier (name{equation.2.6}
) has been already used, duplicate ignored
<to be read again> 
                   \relax 
l.871 \begin{equation}
                      
pdfTeX warning (ext4): destination with the same identifier (name{equation.2.6}
) has been already used, duplicate ignored
<to be read again> 
                   \relax 
l.871 \begin{equation}
                      
pdfTeX warning (ext4): destination with the same identifier (name{equation.2.6}
) has been already used, duplicate ignored
<to be read again> 
                   \relax 
l.871 \begin{equation}
                      
pdfTeX warning (ext4): destination with the same identifier (name{equation.2.6}
) has been already used, duplicate ignored
<to be read again> 
                   \relax 
l.871 \begin{equation}
                       [7] [8]

Package hyperref Warning: Token not allowed in a PDF string (Unicode):
(hyperref)                removing `\@ifnextchar' on input line 1186.


Package hyperref Warning: Token not allowed in a PDF string (Unicode):
(hyperref)                removing `subscript' on input line 1186.

[9] [10] [11]
Overfull \hbox (5.2979pt too wide) in paragraph at lines 1419--1424
[]\OT1/cmr/m/it/10.95 (-20) If the bases $\OMS/cmsy/m/n/10.95 f\OML/cmm/m/it/10
.95 x[]; [] ; x[]\OMS/cmsy/m/n/10.95 g$ \OT1/cmr/m/it/10.95 (-20) and $\OMS/cms
y/m/n/10.95 f\OML/cmm/m/it/10.95 y[]; [] ; y[]\OMS/cmsy/m/n/10.95 g$ \OT1/cmr/m
/it/10.95 (-20) are both or-thonor-mal, then $\OML/cmm/m/it/10.95 A[]$ \OT1/cmr
/m/it/10.95 (-20) rep-re-sents $\OML/cmm/m/it/10.95 T[] [] Y \OMS/cmsy/m/n/10.9
5 ! \OML/cmm/m/it/10.95 X$
 []

[12] [13] (./svd.bbl [14]) [15] (./svd.aux)
 ***********
LaTeX2e <2025-11-01>
L3 programming layer <2020/03/25>
 ***********
Package rerunfilecheck Info: File `svd.out' has not changed.
(rerunfilecheck)             Checksum: 2D694EC94F8783B1DA9AC63475D39EEF;1422.
 ) 
Here is how much of TeX's memory you used:
 46794 strings out of 467561
 1085262 string characters out of 5414014
 1657543 words of memory out of 5000000
 74503 multiletter control sequences out of 15000+600000
 652873 words of font info for 224 fonts, out of 8000000 for 9000
 1131 hyphenation exceptions out of 8191
 84i,14n,117p,1000b,592s stack positions out of 10000i,1000n,20000p,200000b,200000s
</home/zaikunzhang/local/texlive/2025/texmf-dist/fonts/type1/public/amsfonts/
cm/cmbx10.pfb></home/zaikunzhang/local/texlive/2025/texmf-dist/fonts/type1/publ
ic/amsfonts/cm/cmbx12.pfb></home/zaikunzhang/local/texlive/2025/texmf-dist/font
s/type1/public/amsfonts/cm/cmex10.pfb></home/zaikunzhang/local/texlive/2025/tex
mf-dist/fonts/type1/public/amsfonts/cm/cmmi10.pfb></home/zaikunzhang/local/texl
ive/2025/texmf-dist/fonts/type1/public/amsfonts/cm/cmmi6.pfb></home/zaikunzhang
/local/texlive/2025/texmf-dist/fonts/type1/public/amsfonts/cm/cmmi8.pfb></home/
zaikunzhang/local/texlive/2025/texmf-dist/fonts/type1/public/amsfonts/cm/cmmi9.
pfb></home/zaikunzhang/local/texlive/2025/texmf-dist/fonts/type1/public/amsfont
s/cm/cmr10.pfb></home/zaikunzhang/local/texlive/2025/texmf-dist/fonts/type1/pub
lic/amsfonts/cm/cmr12.pfb></home/zaikunzhang/local/texlive/2025/texmf-dist/font
s/type1/public/amsfonts/cm/cmr17.pfb></home/zaikunzhang/local/texlive/2025/texm
f-dist/fonts/type1/public/amsfonts/cm/cmr6.pfb></home/zaikunzhang/local/texlive
/2025/texmf-dist/fonts/type1/public/amsfonts/cm/cmr8.pfb></home/zaikunzhang/loc
al/texlive/2025/texmf-dist/fonts/type1/public/amsfonts/cm/cmr9.pfb></home/zaiku
nzhang/local/texlive/2025/texmf-dist/fonts/type1/public/amsfonts/cm/cmss8.pfb><
/home/zaikunzhang/local/texlive/2025/texmf-dist/fonts/type1/public/amsfonts/cm/
cmsy10.pfb></home/zaikunzhang/local/texlive/2025/texmf-dist/fonts/type1/public/
amsfonts/cm/cmsy8.pfb></home/zaikunzhang/local/texlive/2025/texmf-dist/fonts/ty
pe1/public/amsfonts/cm/cmti10.pfb></home/zaikunzhang/local/texlive/2025/texmf-d
ist/fonts/type1/public/amsfonts/cm/cmtt9.pfb></home/zaikunzhang/local/texlive/2
025/texmf-dist/fonts/type1/public/amsfonts/symbols/msbm10.pfb></home/zaikunzhan
g/local/texlive/2025/texmf-dist/fonts/type1/public/cm-super/sfrm0600.pfb></home
/zaikunzhang/local/texlive/2025/texmf-dist/fonts/type1/public/cm-super/sfrm0800
.pfb>
Output written on svd.pdf (15 pages, 315450 bytes).
PDF statistics:
 445 PDF objects out of 1000 (max. 8388607)
 382 compressed objects within 4 object streams
 132 named destinations out of 1000 (max. 500000)
 49733 words of extra memory for PDF output out of 51595 (max. 10000000)

